[2025-07-19 04:58:09] PHP Error: Trying to access array offset on int in C:\Apache24\htdocs\app_kost\app\helpers\ViewHelper.php on line 222
[2025-07-19 04:58:09] Uncaught Exception: Trying to access array offset on int in C:\Apache24\htdocs\app_kost\app\helpers\ViewHelper.php on line 222
[2025-07-19 05:02:05] Uncaught Exception: syntax error, unexpected double-quote mark, expecting "]" in C:\Apache24\htdocs\app_kost\app\views\admin\kamar.php on line 46
[2025-07-19 05:06:45] Uncaught Exception: syntax error, unexpected token "<", expecting end of file in C:\Apache24\htdocs\app_kost\app\views\admin\barang.php on line 50
[2025-07-19 05:14:29] DATABASE ERROR: Query Error: {"message":"SQLSTATE[42000]: Syntax error or access violation: 1055 Expression #1 of SELECT list is not in GROUP BY clause and contains nonaggregated column 'db_kost.kp.id' which is not functionally dependent on columns in GROUP BY clause; this is incompatible with sql_mode=only_full_group_by","sql":"SELECT kp.id, kp.id_kamar, kp.tgl_masuk, k.harga as harga_kamar\r\n                FROM tb_kmr_penghuni kp\r\n                INNER JOIN tb_kamar k ON kp.id_kamar = k.id\r\n                WHERE kp.tgl_keluar IS NULL\r\n                GROUP BY kp.id_kamar\r\n                ORDER BY k.nomor","params":[],"code":"42000","file":"C:\\Apache24\\htdocs\\app_kost\\app\\core\\Database.php","line":85}
[2025-07-19 05:17:14] DATABASE ERROR: Query Error: {"message":"SQLSTATE[42000]: Syntax error or access violation: 1055 Expression #1 of SELECT list is not in GROUP BY clause and contains nonaggregated column 'db_kost.kp.id' which is not functionally dependent on columns in GROUP BY clause; this is incompatible with sql_mode=only_full_group_by","sql":"SELECT kp.id, kp.id_kamar, kp.tgl_masuk, k.harga as harga_kamar\r\n                FROM tb_kmr_penghuni kp\r\n                INNER JOIN tb_kamar k ON kp.id_kamar = k.id\r\n                WHERE kp.tgl_keluar IS NULL\r\n                GROUP BY kp.id_kamar, k.nomor","params":[],"code":"42000","file":"C:\\Apache24\\htdocs\\app_kost\\app\\core\\Database.php","line":85}
[2025-07-19 05:17:46] DATABASE ERROR: Query Error: {"message":"SQLSTATE[42000]: Syntax error or access violation: 1055 Expression #1 of SELECT list is not in GROUP BY clause and contains nonaggregated column 'db_kost.kp.id' which is not functionally dependent on columns in GROUP BY clause; this is incompatible with sql_mode=only_full_group_by","sql":"SELECT kp.id, kp.id_kamar, kp.tgl_masuk, k.harga as harga_kamar\r\n                FROM tb_kmr_penghuni kp\r\n                INNER JOIN tb_kamar k ON kp.id_kamar = k.id\r\n                WHERE kp.tgl_keluar IS NULL\r\n                GROUP BY kp.id_kamar","params":[],"code":"42000","file":"C:\\Apache24\\htdocs\\app_kost\\app\\core\\Database.php","line":85}
[2025-07-19 05:20:22] PHP Error: Undefined array key "tahun" in C:\Apache24\htdocs\app_kost\app\models\TagihanModel.php on line 128
[2025-07-19 05:20:37] PHP Error: Undefined array key "tahun" in C:\Apache24\htdocs\app_kost\app\models\TagihanModel.php on line 128
[2025-07-19 05:20:43] PHP Error: Undefined array key "tahun" in C:\Apache24\htdocs\app_kost\app\models\TagihanModel.php on line 128
[2025-07-19 05:23:00] PHP Error: Undefined array key "tahun" in C:\Apache24\htdocs\app_kost\app\models\TagihanModel.php on line 128
[2025-07-19 05:23:07] PHP Error: Undefined array key "tahun" in C:\Apache24\htdocs\app_kost\app\models\TagihanModel.php on line 128
[2025-07-19 07:07:39] PHP Error: Undefined array key "jumlah" in C:\Apache24\htdocs\app_kost\app\controllers\Admin.php on line 461
[2025-07-19 07:07:39] Uncaught Exception: Undefined array key "jumlah" in C:\Apache24\htdocs\app_kost\app\controllers\Admin.php on line 461
[2025-07-19 10:30:23] PHP Error: Undefined array key "tahun" in C:\Apache24\htdocs\app_kost\app\models\TagihanModel.php on line 131
[2025-07-19 10:30:30] PHP Error: Undefined array key "jumlah" in C:\Apache24\htdocs\app_kost\app\controllers\Admin.php on line 461
[2025-07-19 10:30:30] Uncaught Exception: Undefined array key "jumlah" in C:\Apache24\htdocs\app_kost\app\controllers\Admin.php on line 461
[2025-07-19 10:38:02] PHP Error: Undefined array key "jumlah" in C:\Apache24\htdocs\app_kost\app\controllers\Admin.php on line 461
[2025-07-19 10:38:02] Uncaught Exception: Undefined array key "jumlah" in C:\Apache24\htdocs\app_kost\app\controllers\Admin.php on line 461
[2025-07-19 10:42:32] PHP Error: Undefined array key "jumlah" in C:\Apache24\htdocs\app_kost\app\controllers\Admin.php on line 463
[2025-07-19 10:42:32] Uncaught Exception: Undefined array key "jumlah" in C:\Apache24\htdocs\app_kost\app\controllers\Admin.php on line 463
[2025-07-19 10:44:17] PHP Error: Undefined array key "jumlah" in C:\Apache24\htdocs\app_kost\app\controllers\Admin.php on line 461
[2025-07-19 10:44:17] Uncaught Exception: Undefined array key "jumlah" in C:\Apache24\htdocs\app_kost\app\controllers\Admin.php on line 461
[2025-07-19 10:46:13] PHP Error: Undefined array key "jumlah" in C:\Apache24\htdocs\app_kost\app\controllers\Admin.php on line 464
[2025-07-19 10:46:13] Uncaught Exception: Undefined array key "jumlah" in C:\Apache24\htdocs\app_kost\app\controllers\Admin.php on line 464
[2025-07-19 10:48:17] PHP Error: Undefined array key "jumlah" in C:\Apache24\htdocs\app_kost\app\controllers\Admin.php on line 465
[2025-07-19 10:48:17] Uncaught Exception: Undefined array key "jumlah" in C:\Apache24\htdocs\app_kost\app\controllers\Admin.php on line 465
[2025-07-19 10:48:52] PHP Error: Array to string conversion in C:\Apache24\htdocs\app_kost\app\controllers\Admin.php on line 463
[2025-07-19 10:48:52] Uncaught Exception: Array to string conversion in C:\Apache24\htdocs\app_kost\app\controllers\Admin.php on line 463
[2025-07-19 10:49:12] PHP Error: Undefined array key "jumlah" in C:\Apache24\htdocs\app_kost\app\controllers\Admin.php on line 465
[2025-07-19 10:49:12] Uncaught Exception: Undefined array key "jumlah" in C:\Apache24\htdocs\app_kost\app\controllers\Admin.php on line 465
[2025-07-19 10:50:06] PHP Error: Undefined array key "jumlah" in C:\Apache24\htdocs\app_kost\app\controllers\Admin.php on line 465
[2025-07-19 10:50:06] Uncaught Exception: Undefined array key "jumlah" in C:\Apache24\htdocs\app_kost\app\controllers\Admin.php on line 465
[2025-07-19 10:51:05] PHP Error: Undefined array key "jumlah" in C:\Apache24\htdocs\app_kost\app\controllers\Admin.php on line 465
[2025-07-19 10:51:05] Uncaught Exception: Undefined array key "jumlah" in C:\Apache24\htdocs\app_kost\app\controllers\Admin.php on line 465
[2025-07-19 11:01:09] PHP Error: Undefined array key "table_name" in C:\Apache24\htdocs\app_kost\app\views\admin\database-diagnostic.php on line 377
[2025-07-19 11:01:09] Uncaught Exception: Undefined array key "table_name" in C:\Apache24\htdocs\app_kost\app\views\admin\database-diagnostic.php on line 377
[2025-07-19 11:06:37] PHP Error: Undefined array key "table_name" in C:\Apache24\htdocs\app_kost\app\views\admin\database-diagnostic.php on line 377
[2025-07-19 11:06:37] Uncaught Exception: Undefined array key "table_name" in C:\Apache24\htdocs\app_kost\app\views\admin\database-diagnostic.php on line 377
[2025-07-19 11:07:47] PHP Error: Undefined array key "table_rows" in C:\Apache24\htdocs\app_kost\app\views\admin\database-diagnostic.php on line 378
[2025-07-19 11:07:47] Uncaught Exception: Undefined array key "table_rows" in C:\Apache24\htdocs\app_kost\app\views\admin\database-diagnostic.php on line 378
[2025-07-19 11:52:57] DATABASE ERROR: Query Error: {"message":"SQLSTATE[42S02]: Base table or view not found: 1146 Table 'db_kost.tb_barang_bawaan' doesn't exist","sql":"SELECT COALESCE(SUM(bb.jumlah * b.harga), 0) as total_harga\r\n                             FROM tb_barang_bawaan bb\r\n                             INNER JOIN tb_barang b ON bb.id_barang = b.id\r\n                             WHERE bb.id_penghuni = :id_penghuni","params":{"id_penghuni":1},"code":"42S02","file":"C:\\Apache24\\htdocs\\app_kost\\app\\core\\Database.php","line":85}
[2025-07-19 11:57:12] DATABASE ERROR: Query Error: {"message":"SQLSTATE[42S22]: Column not found: 1054 Unknown column 'bb.jumlah' in 'field list'","sql":"SELECT COALESCE(SUM(bb.jumlah * b.harga), 0) as total_harga\r\n                             FROM tb_brng_bawaan bb\r\n                             INNER JOIN tb_barang b ON bb.id_barang = b.id\r\n                             WHERE bb.id_penghuni = :id_penghuni","params":{"id_penghuni":1},"code":"42S22","file":"C:\\Apache24\\htdocs\\app_kost\\app\\core\\Database.php","line":85}
[2025-07-19 12:02:12] DATABASE ERROR: Query Error: {"message":"SQLSTATE[42S22]: Column not found: 1054 Unknown column 'bb.jumlah' in 'field list'","sql":"SELECT COALESCE(SUM(bb.jumlah * b.harga), 0) as total_harga\r\n                             FROM tb_brng_bawaan bb\r\n                             INNER JOIN tb_barang b ON bb.id_barang = b.id\r\n                             WHERE bb.id_penghuni = :id_penghuni","params":{"id_penghuni":1},"code":"42S22","file":"C:\\Apache24\\htdocs\\app_kost\\app\\core\\Database.php","line":85}
